Build started 12/13/2011 8:22:16 PM.
     1>Project "C:\Users\Marcus\Documents\My Dropbox\Documents\School\CIS 25\Homework\Lab08\Lab07\Lab07.vcxproj" on node 2 (build target(s)).
     1>InitializeBuildStatus:
         Creating "Debug\Lab08.unsuccessfulbuild" because "AlwaysCreate" was specified.
       ClCompile:
         c:\Program Files (x86)\Microsoft Visual Studio 10.0\VC\bin\CL.exe /c /ZI /nologo /W3 /WX- /Od /Oy- /D WIN32 /D _DEBUG /D _CONSOLE /D _UNICODE /D UNICODE /Gm /EHsc /RTC1 /MDd /GS /fp:precise /Zc:wchar_t /Zc:forScope /Fo"Debug\\" /Fd"Debug\vc100.pdb" /Gd /TP /analyze- /errorReport:prompt MarcusBox.cpp cis25Fall2011FinalExamMarcusLarsson.cpp
         cis25Fall2011FinalExamMarcusLarsson.cpp
         MarcusBox.cpp
         Generating Code...
       ManifestResourceCompile:
         All outputs are up-to-date.
       Link:
         c:\Program Files (x86)\Microsoft Visual Studio 10.0\VC\bin\link.exe /ERRORREPORT:PROMPT /OUT:"C:\Users\Marcus\Documents\My Dropbox\Documents\School\CIS 25\Homework\Lab08\Debug\Lab08.exe" /INCREMENTAL /NOLOGO kernel32.lib user32.lib gdi32.lib winspool.lib comdlg32.lib advapi32.lib shell32.lib ole32.lib oleaut32.lib uuid.lib odbc32.lib odbccp32.lib /MANIFEST /ManifestFile:"Debug\Lab08.exe.intermediate.manifest" /MANIFESTUAC:"level='asInvoker' uiAccess='false'" /DEBUG /PDB:"C:\Users\Marcus\Documents\My Dropbox\Documents\School\CIS 25\Homework\Lab08\Debug\Lab08.pdb" /SUBSYSTEM:CONSOLE /TLBID:1 /DYNAMICBASE /NXCOMPAT /IMPLIB:"C:\Users\Marcus\Documents\My Dropbox\Documents\School\CIS 25\Homework\Lab08\Debug\Lab08.lib" /MACHINE:X86 Debug\Lab08.exe.embed.manifest.res
         Debug\cis25Fall2011FinalExamMarcusLarsson.obj
         Debug\MarcusBox.obj
         Debug\MarcusCircle.obj
         Debug\MarcusCylinder.obj
         Debug\MarcusFraction.obj
         Debug\MarcusPoint.obj
         Debug\MarcusRectangle.obj
       Manifest:
         C:\Program Files (x86)\Microsoft SDKs\Windows\v7.0A\bin\mt.exe /nologo /verbose /out:"Debug\Lab08.exe.embed.manifest" /manifest Debug\Lab08.exe.intermediate.manifest
         All outputs are up-to-date.
       LinkEmbedManifest:
         All outputs are up-to-date.
         Lab07.vcxproj -> C:\Users\Marcus\Documents\My Dropbox\Documents\School\CIS 25\Homework\Lab08\Debug\Lab08.exe
       FinalizeBuildStatus:
         Deleting file "Debug\Lab08.unsuccessfulbuild".
         Touching "Debug\Lab08.lastbuildstate".
     1>Done Building Project "C:\Users\Marcus\Documents\My Dropbox\Documents\School\CIS 25\Homework\Lab08\Lab07\Lab07.vcxproj" (build target(s)).

Build succeeded.

Time Elapsed 00:00:03.18
